<?xml version="1.0" encoding="UTF-8"?>
<beans xmlns="http://www.springframework.org/schema/beans"
    xmlns:xsi="http://www.w3.org/2001/XMLSchema-instance"
    xmlns:context="http://www.springframework.org/schema/context"
    xsi:schemaLocation="http://www.springframework.org/schema/beans http://www.springframework.org/schema/beans/spring-beans-3.0.xsd
        http://www.springframework.org/schema/context http://www.springframework.org/schema/context/spring-context-3.0.xsd">
    
    <description>Test context.</description>

    <import resource="classpath*:/datasource-dev.xml" />
    <import resource="classpath*:/dao-transaction.xml" />
    <import resource="classpath*:/dao.xml" />
    <import resource="classpath*:/services.xml" />
    <import resource="classpath*:/utils.xml" />
      
</beans>